2021-07-21 13:39:06.1013|0|DEBUG|Booktopia.Web.Program|init main 
2021-07-21 13:39:13.1063|0|INFO|Microsoft.Hosting.Lifetime|Application started. Press Ctrl+C to shut down. 
2021-07-21 13:39:13.1063|0|INFO|Microsoft.Hosting.Lifetime|Hosting environment: Development 
2021-07-21 13:39:13.1063|0|INFO|Microsoft.Hosting.Lifetime|Content root path: D:\Fakultet\Proekti Programiranje\IT, IS\IS\Booktopia\Booktopia.Web 
2021-07-21 13:42:48.8055|0|DEBUG|Booktopia.Web.Program|init main 
2021-07-21 13:42:52.6856|0|INFO|Microsoft.Hosting.Lifetime|Application started. Press Ctrl+C to shut down. 
2021-07-21 13:42:52.6856|0|INFO|Microsoft.Hosting.Lifetime|Hosting environment: Development 
2021-07-21 13:42:52.6856|0|INFO|Microsoft.Hosting.Lifetime|Content root path: D:\Fakultet\Proekti Programiranje\IT, IS\IS\Booktopia\Booktopia.Web 
2021-07-21 14:04:04.4826|0|DEBUG|Booktopia.Web.Program|init main 
2021-07-21 14:04:08.2506|0|INFO|Microsoft.Hosting.Lifetime|Application started. Press Ctrl+C to shut down. 
2021-07-21 14:04:08.2506|0|INFO|Microsoft.Hosting.Lifetime|Hosting environment: Development 
2021-07-21 14:04:08.2506|0|INFO|Microsoft.Hosting.Lifetime|Content root path: D:\Fakultet\Proekti Programiranje\IT, IS\IS\Booktopia\Booktopia.Web 
2021-07-21 14:05:34.5709|0|DEBUG|Booktopia.Web.Program|init main 
2021-07-21 14:05:38.2634|0|INFO|Microsoft.Hosting.Lifetime|Application started. Press Ctrl+C to shut down. 
2021-07-21 14:05:38.2634|0|INFO|Microsoft.Hosting.Lifetime|Hosting environment: Development 
2021-07-21 14:05:38.2634|0|INFO|Microsoft.Hosting.Lifetime|Content root path: D:\Fakultet\Proekti Programiranje\IT, IS\IS\Booktopia\Booktopia.Web 
2021-07-21 14:10:12.4796|0|DEBUG|Booktopia.Web.Program|init main 
2021-07-21 14:10:16.4447|0|INFO|Microsoft.Hosting.Lifetime|Application started. Press Ctrl+C to shut down. 
2021-07-21 14:10:16.4482|0|INFO|Microsoft.Hosting.Lifetime|Hosting environment: Development 
2021-07-21 14:10:16.4624|0|INFO|Microsoft.Hosting.Lifetime|Content root path: D:\Fakultet\Proekti Programiranje\IT, IS\IS\Booktopia\Booktopia.Web 
2021-07-21 14:14:51.8442|0|DEBUG|Booktopia.Web.Program|init main 
2021-07-21 14:14:55.8090|0|INFO|Microsoft.Hosting.Lifetime|Application started. Press Ctrl+C to shut down. 
2021-07-21 14:14:55.8090|0|INFO|Microsoft.Hosting.Lifetime|Hosting environment: Development 
2021-07-21 14:14:55.8090|0|INFO|Microsoft.Hosting.Lifetime|Content root path: D:\Fakultet\Proekti Programiranje\IT, IS\IS\Booktopia\Booktopia.Web 
2021-07-21 14:15:24.2800|0|DEBUG|Booktopia.Web.Program|init main 
2021-07-21 14:15:28.3282|0|INFO|Microsoft.Hosting.Lifetime|Application started. Press Ctrl+C to shut down. 
2021-07-21 14:15:28.3447|0|INFO|Microsoft.Hosting.Lifetime|Hosting environment: Development 
2021-07-21 14:15:28.3521|0|INFO|Microsoft.Hosting.Lifetime|Content root path: D:\Fakultet\Proekti Programiranje\IT, IS\IS\Booktopia\Booktopia.Web 
2021-07-21 14:17:26.5974|0|DEBUG|Booktopia.Web.Program|init main 
2021-07-21 14:17:30.3810|0|INFO|Microsoft.Hosting.Lifetime|Application started. Press Ctrl+C to shut down. 
2021-07-21 14:17:30.3810|0|INFO|Microsoft.Hosting.Lifetime|Hosting environment: Development 
2021-07-21 14:17:30.3916|0|INFO|Microsoft.Hosting.Lifetime|Content root path: D:\Fakultet\Proekti Programiranje\IT, IS\IS\Booktopia\Booktopia.Web 
2021-07-21 14:18:59.7367|0|DEBUG|Booktopia.Web.Program|init main 
2021-07-21 14:19:03.4811|0|INFO|Microsoft.Hosting.Lifetime|Application started. Press Ctrl+C to shut down. 
2021-07-21 14:19:03.4811|0|INFO|Microsoft.Hosting.Lifetime|Hosting environment: Development 
2021-07-21 14:19:03.4811|0|INFO|Microsoft.Hosting.Lifetime|Content root path: D:\Fakultet\Proekti Programiranje\IT, IS\IS\Booktopia\Booktopia.Web 
2021-07-21 14:24:08.3451|0|DEBUG|Booktopia.Web.Program|init main 
2021-07-21 14:24:12.6811|0|INFO|Microsoft.Hosting.Lifetime|Application started. Press Ctrl+C to shut down. 
2021-07-21 14:24:12.6811|0|INFO|Microsoft.Hosting.Lifetime|Hosting environment: Development 
2021-07-21 14:24:12.6811|0|INFO|Microsoft.Hosting.Lifetime|Content root path: D:\Fakultet\Proekti Programiranje\IT, IS\IS\Booktopia\Booktopia.Web 
2021-07-21 14:28:56.4879|0|DEBUG|Booktopia.Web.Program|init main 
2021-07-21 14:29:00.5330|0|INFO|Microsoft.Hosting.Lifetime|Application started. Press Ctrl+C to shut down. 
2021-07-21 14:29:00.5330|0|INFO|Microsoft.Hosting.Lifetime|Hosting environment: Development 
2021-07-21 14:29:00.5519|0|INFO|Microsoft.Hosting.Lifetime|Content root path: D:\Fakultet\Proekti Programiranje\IT, IS\IS\Booktopia\Booktopia.Web 
2021-07-21 14:32:32.2993|0|DEBUG|Booktopia.Web.Program|init main 
2021-07-21 14:32:36.2518|0|INFO|Microsoft.Hosting.Lifetime|Application started. Press Ctrl+C to shut down. 
2021-07-21 14:32:36.2518|0|INFO|Microsoft.Hosting.Lifetime|Hosting environment: Development 
2021-07-21 14:32:36.2596|0|INFO|Microsoft.Hosting.Lifetime|Content root path: D:\Fakultet\Proekti Programiranje\IT, IS\IS\Booktopia\Booktopia.Web 
2021-07-21 14:33:25.6070|0|DEBUG|Booktopia.Web.Program|init main 
2021-07-21 14:33:29.7004|0|INFO|Microsoft.Hosting.Lifetime|Application started. Press Ctrl+C to shut down. 
2021-07-21 14:33:29.7004|0|INFO|Microsoft.Hosting.Lifetime|Hosting environment: Development 
2021-07-21 14:33:29.7004|0|INFO|Microsoft.Hosting.Lifetime|Content root path: D:\Fakultet\Proekti Programiranje\IT, IS\IS\Booktopia\Booktopia.Web 
2021-07-21 14:35:14.5850|0|DEBUG|Booktopia.Web.Program|init main 
2021-07-21 14:35:18.2998|0|INFO|Microsoft.Hosting.Lifetime|Application started. Press Ctrl+C to shut down. 
2021-07-21 14:35:18.2998|0|INFO|Microsoft.Hosting.Lifetime|Hosting environment: Development 
2021-07-21 14:35:18.3107|0|INFO|Microsoft.Hosting.Lifetime|Content root path: D:\Fakultet\Proekti Programiranje\IT, IS\IS\Booktopia\Booktopia.Web 
2021-07-21 14:36:53.1667|0|DEBUG|Booktopia.Web.Program|init main 
2021-07-21 14:36:57.2174|0|INFO|Microsoft.Hosting.Lifetime|Application started. Press Ctrl+C to shut down. 
2021-07-21 14:36:57.2174|0|INFO|Microsoft.Hosting.Lifetime|Hosting environment: Development 
2021-07-21 14:36:57.2272|0|INFO|Microsoft.Hosting.Lifetime|Content root path: D:\Fakultet\Proekti Programiranje\IT, IS\IS\Booktopia\Booktopia.Web 
2021-07-21 14:39:07.4080|0|DEBUG|Booktopia.Web.Program|init main 
2021-07-21 14:39:11.8124|0|INFO|Microsoft.Hosting.Lifetime|Application started. Press Ctrl+C to shut down. 
2021-07-21 14:39:11.8124|0|INFO|Microsoft.Hosting.Lifetime|Hosting environment: Development 
2021-07-21 14:39:11.8229|0|INFO|Microsoft.Hosting.Lifetime|Content root path: D:\Fakultet\Proekti Programiranje\IT, IS\IS\Booktopia\Booktopia.Web 
2021-07-21 14:43:22.6299|0|DEBUG|Booktopia.Web.Program|init main 
2021-07-21 14:43:26.6678|0|INFO|Microsoft.Hosting.Lifetime|Application started. Press Ctrl+C to shut down. 
2021-07-21 14:43:26.6678|0|INFO|Microsoft.Hosting.Lifetime|Hosting environment: Development 
2021-07-21 14:43:26.6678|0|INFO|Microsoft.Hosting.Lifetime|Content root path: D:\Fakultet\Proekti Programiranje\IT, IS\IS\Booktopia\Booktopia.Web 
2021-07-21 14:44:09.6297|0|DEBUG|Booktopia.Web.Program|init main 
2021-07-21 14:44:13.4982|0|INFO|Microsoft.Hosting.Lifetime|Application started. Press Ctrl+C to shut down. 
2021-07-21 14:44:13.4982|0|INFO|Microsoft.Hosting.Lifetime|Hosting environment: Development 
2021-07-21 14:44:13.4982|0|INFO|Microsoft.Hosting.Lifetime|Content root path: D:\Fakultet\Proekti Programiranje\IT, IS\IS\Booktopia\Booktopia.Web 
2021-07-21 14:44:49.0192|0|DEBUG|Booktopia.Web.Program|init main 
2021-07-21 14:44:52.8884|0|INFO|Microsoft.Hosting.Lifetime|Application started. Press Ctrl+C to shut down. 
2021-07-21 14:44:52.8884|0|INFO|Microsoft.Hosting.Lifetime|Hosting environment: Development 
2021-07-21 14:44:52.8884|0|INFO|Microsoft.Hosting.Lifetime|Content root path: D:\Fakultet\Proekti Programiranje\IT, IS\IS\Booktopia\Booktopia.Web 
2021-07-21 14:45:31.0428|0|DEBUG|Booktopia.Web.Program|init main 
2021-07-21 14:45:34.8040|0|INFO|Microsoft.Hosting.Lifetime|Application started. Press Ctrl+C to shut down. 
2021-07-21 14:45:34.8061|0|INFO|Microsoft.Hosting.Lifetime|Hosting environment: Development 
2021-07-21 14:45:34.8061|0|INFO|Microsoft.Hosting.Lifetime|Content root path: D:\Fakultet\Proekti Programiranje\IT, IS\IS\Booktopia\Booktopia.Web 
2021-07-21 14:46:28.9003|0|DEBUG|Booktopia.Web.Program|init main 
2021-07-21 14:46:32.9027|0|INFO|Microsoft.Hosting.Lifetime|Application started. Press Ctrl+C to shut down. 
2021-07-21 14:46:32.9027|0|INFO|Microsoft.Hosting.Lifetime|Hosting environment: Development 
2021-07-21 14:46:32.9027|0|INFO|Microsoft.Hosting.Lifetime|Content root path: D:\Fakultet\Proekti Programiranje\IT, IS\IS\Booktopia\Booktopia.Web 
2021-07-21 14:46:59.9986|0|DEBUG|Booktopia.Web.Program|init main 
2021-07-21 14:47:03.7632|0|INFO|Microsoft.Hosting.Lifetime|Application started. Press Ctrl+C to shut down. 
2021-07-21 14:47:03.7632|0|INFO|Microsoft.Hosting.Lifetime|Hosting environment: Development 
2021-07-21 14:47:03.7632|0|INFO|Microsoft.Hosting.Lifetime|Content root path: D:\Fakultet\Proekti Programiranje\IT, IS\IS\Booktopia\Booktopia.Web 
2021-07-21 14:47:58.8675|0|DEBUG|Booktopia.Web.Program|init main 
2021-07-21 14:48:02.2585|0|INFO|Microsoft.Hosting.Lifetime|Application started. Press Ctrl+C to shut down. 
2021-07-21 14:48:02.2585|0|INFO|Microsoft.Hosting.Lifetime|Hosting environment: Development 
2021-07-21 14:48:02.2585|0|INFO|Microsoft.Hosting.Lifetime|Content root path: D:\Fakultet\Proekti Programiranje\IT, IS\IS\Booktopia\Booktopia.Web 
2021-07-21 14:59:01.4767|0|DEBUG|Booktopia.Web.Program|init main 
2021-07-21 14:59:05.2896|0|INFO|Microsoft.Hosting.Lifetime|Application started. Press Ctrl+C to shut down. 
2021-07-21 14:59:05.2929|0|INFO|Microsoft.Hosting.Lifetime|Hosting environment: Development 
2021-07-21 14:59:05.3058|0|INFO|Microsoft.Hosting.Lifetime|Content root path: D:\Fakultet\Proekti Programiranje\IT, IS\IS\Booktopia\Booktopia.Web 
2021-07-21 15:01:41.6220|0|DEBUG|Booktopia.Web.Program|init main 
2021-07-21 15:01:45.4782|0|INFO|Microsoft.Hosting.Lifetime|Application started. Press Ctrl+C to shut down. 
2021-07-21 15:01:45.4782|0|INFO|Microsoft.Hosting.Lifetime|Hosting environment: Development 
2021-07-21 15:01:45.4782|0|INFO|Microsoft.Hosting.Lifetime|Content root path: D:\Fakultet\Proekti Programiranje\IT, IS\IS\Booktopia\Booktopia.Web 
2021-07-21 15:03:43.1026|0|DEBUG|Booktopia.Web.Program|init main 
2021-07-21 15:03:46.9093|0|INFO|Microsoft.Hosting.Lifetime|Application started. Press Ctrl+C to shut down. 
2021-07-21 15:03:46.9093|0|INFO|Microsoft.Hosting.Lifetime|Hosting environment: Development 
2021-07-21 15:03:46.9184|0|INFO|Microsoft.Hosting.Lifetime|Content root path: D:\Fakultet\Proekti Programiranje\IT, IS\IS\Booktopia\Booktopia.Web 
2021-07-21 15:07:14.3368|0|DEBUG|Booktopia.Web.Program|init main 
2021-07-21 15:07:18.0583|0|INFO|Microsoft.Hosting.Lifetime|Application started. Press Ctrl+C to shut down. 
2021-07-21 15:07:18.0583|0|INFO|Microsoft.Hosting.Lifetime|Hosting environment: Development 
2021-07-21 15:07:18.0583|0|INFO|Microsoft.Hosting.Lifetime|Content root path: D:\Fakultet\Proekti Programiranje\IT, IS\IS\Booktopia\Booktopia.Web 
2021-07-21 15:08:57.5556|0|DEBUG|Booktopia.Web.Program|init main 
2021-07-21 15:09:01.3236|0|INFO|Microsoft.Hosting.Lifetime|Application started. Press Ctrl+C to shut down. 
2021-07-21 15:09:01.3236|0|INFO|Microsoft.Hosting.Lifetime|Hosting environment: Development 
2021-07-21 15:09:01.3236|0|INFO|Microsoft.Hosting.Lifetime|Content root path: D:\Fakultet\Proekti Programiranje\IT, IS\IS\Booktopia\Booktopia.Web 
2021-07-21 15:10:23.6646|0|DEBUG|Booktopia.Web.Program|init main 
2021-07-21 15:10:27.4874|0|INFO|Microsoft.Hosting.Lifetime|Application started. Press Ctrl+C to shut down. 
2021-07-21 15:10:27.4874|0|INFO|Microsoft.Hosting.Lifetime|Hosting environment: Development 
2021-07-21 15:10:27.4950|0|INFO|Microsoft.Hosting.Lifetime|Content root path: D:\Fakultet\Proekti Programiranje\IT, IS\IS\Booktopia\Booktopia.Web 
2021-07-21 15:14:49.3718|0|DEBUG|Booktopia.Web.Program|init main 
2021-07-21 15:14:52.9428|0|INFO|Microsoft.Hosting.Lifetime|Application started. Press Ctrl+C to shut down. 
2021-07-21 15:14:52.9428|0|INFO|Microsoft.Hosting.Lifetime|Hosting environment: Development 
2021-07-21 15:14:52.9504|0|INFO|Microsoft.Hosting.Lifetime|Content root path: D:\Fakultet\Proekti Programiranje\IT, IS\IS\Booktopia\Booktopia.Web 
2021-07-21 15:17:26.2649|0|DEBUG|Booktopia.Web.Program|init main 
2021-07-21 15:17:29.7863|0|INFO|Microsoft.Hosting.Lifetime|Application started. Press Ctrl+C to shut down. 
2021-07-21 15:17:29.7894|0|INFO|Microsoft.Hosting.Lifetime|Hosting environment: Development 
2021-07-21 15:17:29.7894|0|INFO|Microsoft.Hosting.Lifetime|Content root path: D:\Fakultet\Proekti Programiranje\IT, IS\IS\Booktopia\Booktopia.Web 
2021-07-21 15:19:32.1391|0|DEBUG|Booktopia.Web.Program|init main 
2021-07-21 15:19:35.8833|0|INFO|Microsoft.Hosting.Lifetime|Application started. Press Ctrl+C to shut down. 
2021-07-21 15:19:35.8833|0|INFO|Microsoft.Hosting.Lifetime|Hosting environment: Development 
2021-07-21 15:19:35.8833|0|INFO|Microsoft.Hosting.Lifetime|Content root path: D:\Fakultet\Proekti Programiranje\IT, IS\IS\Booktopia\Booktopia.Web 
2021-07-21 15:22:49.1689|0|DEBUG|Booktopia.Web.Program|init main 
2021-07-21 15:22:52.8902|0|INFO|Microsoft.Hosting.Lifetime|Application started. Press Ctrl+C to shut down. 
2021-07-21 15:22:52.8902|0|INFO|Microsoft.Hosting.Lifetime|Hosting environment: Development 
2021-07-21 15:22:52.9063|0|INFO|Microsoft.Hosting.Lifetime|Content root path: D:\Fakultet\Proekti Programiranje\IT, IS\IS\Booktopia\Booktopia.Web 
2021-07-21 15:24:23.0098|0|DEBUG|Booktopia.Web.Program|init main 
2021-07-21 15:24:26.7835|0|INFO|Microsoft.Hosting.Lifetime|Application started. Press Ctrl+C to shut down. 
2021-07-21 15:24:26.7835|0|INFO|Microsoft.Hosting.Lifetime|Hosting environment: Development 
2021-07-21 15:24:26.7916|0|INFO|Microsoft.Hosting.Lifetime|Content root path: D:\Fakultet\Proekti Programiranje\IT, IS\IS\Booktopia\Booktopia.Web 
2021-07-21 15:27:01.6776|0|DEBUG|Booktopia.Web.Program|init main 
2021-07-21 15:27:06.6210|0|INFO|Microsoft.Hosting.Lifetime|Application started. Press Ctrl+C to shut down. 
2021-07-21 15:27:06.6210|0|INFO|Microsoft.Hosting.Lifetime|Hosting environment: Development 
2021-07-21 15:27:06.6210|0|INFO|Microsoft.Hosting.Lifetime|Content root path: D:\Fakultet\Proekti Programiranje\IT, IS\IS\Booktopia\Booktopia.Web 
2021-07-21 15:30:03.6033|0|DEBUG|Booktopia.Web.Program|init main 
2021-07-21 15:30:07.6365|0|INFO|Microsoft.Hosting.Lifetime|Application started. Press Ctrl+C to shut down. 
2021-07-21 15:30:07.6365|0|INFO|Microsoft.Hosting.Lifetime|Hosting environment: Development 
2021-07-21 15:30:07.6365|0|INFO|Microsoft.Hosting.Lifetime|Content root path: D:\Fakultet\Proekti Programiranje\IT, IS\IS\Booktopia\Booktopia.Web 
2021-07-21 15:37:42.5650|0|DEBUG|Booktopia.Web.Program|init main 
2021-07-21 15:37:46.3103|0|INFO|Microsoft.Hosting.Lifetime|Application started. Press Ctrl+C to shut down. 
2021-07-21 15:37:46.3103|0|INFO|Microsoft.Hosting.Lifetime|Hosting environment: Development 
2021-07-21 15:37:46.3103|0|INFO|Microsoft.Hosting.Lifetime|Content root path: D:\Fakultet\Proekti Programiranje\IT, IS\IS\Booktopia\Booktopia.Web 
2021-07-21 15:38:38.6008|0|DEBUG|Booktopia.Web.Program|init main 
2021-07-21 15:38:42.4041|0|INFO|Microsoft.Hosting.Lifetime|Application started. Press Ctrl+C to shut down. 
2021-07-21 15:38:42.4041|0|INFO|Microsoft.Hosting.Lifetime|Hosting environment: Development 
2021-07-21 15:38:42.4226|0|INFO|Microsoft.Hosting.Lifetime|Content root path: D:\Fakultet\Proekti Programiranje\IT, IS\IS\Booktopia\Booktopia.Web 
2021-07-21 15:39:54.2968|0|DEBUG|Booktopia.Web.Program|init main 
2021-07-21 15:39:58.0938|0|INFO|Microsoft.Hosting.Lifetime|Application started. Press Ctrl+C to shut down. 
2021-07-21 15:39:58.0938|0|INFO|Microsoft.Hosting.Lifetime|Hosting environment: Development 
2021-07-21 15:39:58.1125|0|INFO|Microsoft.Hosting.Lifetime|Content root path: D:\Fakultet\Proekti Programiranje\IT, IS\IS\Booktopia\Booktopia.Web 
2021-07-21 15:41:10.6827|0|DEBUG|Booktopia.Web.Program|init main 
2021-07-21 15:41:14.5041|0|INFO|Microsoft.Hosting.Lifetime|Application started. Press Ctrl+C to shut down. 
2021-07-21 15:41:14.5041|0|INFO|Microsoft.Hosting.Lifetime|Hosting environment: Development 
2021-07-21 15:41:14.5116|0|INFO|Microsoft.Hosting.Lifetime|Content root path: D:\Fakultet\Proekti Programiranje\IT, IS\IS\Booktopia\Booktopia.Web 
2021-07-21 15:53:13.3060|0|DEBUG|Booktopia.Web.Program|init main 
2021-07-21 15:53:18.4624|0|INFO|Microsoft.Hosting.Lifetime|Application started. Press Ctrl+C to shut down. 
2021-07-21 15:53:18.4624|0|INFO|Microsoft.Hosting.Lifetime|Hosting environment: Development 
2021-07-21 15:53:18.4624|0|INFO|Microsoft.Hosting.Lifetime|Content root path: D:\Fakultet\Proekti Programiranje\IT, IS\IS\Booktopia\Booktopia.Web 
2021-07-21 16:00:17.0594|0|DEBUG|Booktopia.Web.Program|init main 
2021-07-21 16:00:21.1860|0|INFO|Microsoft.Hosting.Lifetime|Application started. Press Ctrl+C to shut down. 
2021-07-21 16:00:21.1860|0|INFO|Microsoft.Hosting.Lifetime|Hosting environment: Development 
2021-07-21 16:00:21.1860|0|INFO|Microsoft.Hosting.Lifetime|Content root path: D:\Fakultet\Proekti Programiranje\IT, IS\IS\Booktopia\Booktopia.Web 
2021-07-21 16:01:43.2746|0|DEBUG|Booktopia.Web.Program|init main 
2021-07-21 16:01:47.1929|0|INFO|Microsoft.Hosting.Lifetime|Application started. Press Ctrl+C to shut down. 
2021-07-21 16:01:47.1929|0|INFO|Microsoft.Hosting.Lifetime|Hosting environment: Development 
2021-07-21 16:01:47.1997|0|INFO|Microsoft.Hosting.Lifetime|Content root path: D:\Fakultet\Proekti Programiranje\IT, IS\IS\Booktopia\Booktopia.Web 
2021-07-21 16:04:22.2865|0|DEBUG|Booktopia.Web.Program|init main 
2021-07-21 16:04:26.3270|0|INFO|Microsoft.Hosting.Lifetime|Application started. Press Ctrl+C to shut down. 
2021-07-21 16:04:26.3270|0|INFO|Microsoft.Hosting.Lifetime|Hosting environment: Development 
2021-07-21 16:04:26.3270|0|INFO|Microsoft.Hosting.Lifetime|Content root path: D:\Fakultet\Proekti Programiranje\IT, IS\IS\Booktopia\Booktopia.Web 
2021-07-21 16:05:16.5764|0|DEBUG|Booktopia.Web.Program|init main 
2021-07-21 16:05:20.4321|0|INFO|Microsoft.Hosting.Lifetime|Application started. Press Ctrl+C to shut down. 
2021-07-21 16:05:20.4321|0|INFO|Microsoft.Hosting.Lifetime|Hosting environment: Development 
2021-07-21 16:05:20.4321|0|INFO|Microsoft.Hosting.Lifetime|Content root path: D:\Fakultet\Proekti Programiranje\IT, IS\IS\Booktopia\Booktopia.Web 
2021-07-21 16:06:03.8409|0|DEBUG|Booktopia.Web.Program|init main 
2021-07-21 16:06:07.7215|0|INFO|Microsoft.Hosting.Lifetime|Application started. Press Ctrl+C to shut down. 
2021-07-21 16:06:07.7215|0|INFO|Microsoft.Hosting.Lifetime|Hosting environment: Development 
2021-07-21 16:06:07.7400|0|INFO|Microsoft.Hosting.Lifetime|Content root path: D:\Fakultet\Proekti Programiranje\IT, IS\IS\Booktopia\Booktopia.Web 
2021-07-21 16:06:59.0276|0|DEBUG|Booktopia.Web.Program|init main 
2021-07-21 16:07:02.8865|0|INFO|Microsoft.Hosting.Lifetime|Application started. Press Ctrl+C to shut down. 
2021-07-21 16:07:02.8865|0|INFO|Microsoft.Hosting.Lifetime|Hosting environment: Development 
2021-07-21 16:07:02.9043|0|INFO|Microsoft.Hosting.Lifetime|Content root path: D:\Fakultet\Proekti Programiranje\IT, IS\IS\Booktopia\Booktopia.Web 
2021-07-21 16:08:26.7359|0|DEBUG|Booktopia.Web.Program|init main 
2021-07-21 16:08:30.6631|0|INFO|Microsoft.Hosting.Lifetime|Application started. Press Ctrl+C to shut down. 
2021-07-21 16:08:30.6656|0|INFO|Microsoft.Hosting.Lifetime|Hosting environment: Development 
2021-07-21 16:08:30.6656|0|INFO|Microsoft.Hosting.Lifetime|Content root path: D:\Fakultet\Proekti Programiranje\IT, IS\IS\Booktopia\Booktopia.Web 
2021-07-21 16:10:30.3018|0|DEBUG|Booktopia.Web.Program|init main 
2021-07-21 16:10:34.1177|0|INFO|Microsoft.Hosting.Lifetime|Application started. Press Ctrl+C to shut down. 
2021-07-21 16:10:34.1199|0|INFO|Microsoft.Hosting.Lifetime|Hosting environment: Development 
2021-07-21 16:10:34.1199|0|INFO|Microsoft.Hosting.Lifetime|Content root path: D:\Fakultet\Proekti Programiranje\IT, IS\IS\Booktopia\Booktopia.Web 
2021-07-21 16:11:28.1677|0|DEBUG|Booktopia.Web.Program|init main 
2021-07-21 16:11:32.4054|0|INFO|Microsoft.Hosting.Lifetime|Application started. Press Ctrl+C to shut down. 
2021-07-21 16:11:32.4054|0|INFO|Microsoft.Hosting.Lifetime|Hosting environment: Development 
2021-07-21 16:11:32.4054|0|INFO|Microsoft.Hosting.Lifetime|Content root path: D:\Fakultet\Proekti Programiranje\IT, IS\IS\Booktopia\Booktopia.Web 
2021-07-21 16:14:00.0020|0|DEBUG|Booktopia.Web.Program|init main 
2021-07-21 16:14:03.7786|0|INFO|Microsoft.Hosting.Lifetime|Application started. Press Ctrl+C to shut down. 
2021-07-21 16:14:03.7786|0|INFO|Microsoft.Hosting.Lifetime|Hosting environment: Development 
2021-07-21 16:14:03.7786|0|INFO|Microsoft.Hosting.Lifetime|Content root path: D:\Fakultet\Proekti Programiranje\IT, IS\IS\Booktopia\Booktopia.Web 
2021-07-21 16:14:59.8646|0|DEBUG|Booktopia.Web.Program|init main 
2021-07-21 16:15:03.6727|0|INFO|Microsoft.Hosting.Lifetime|Application started. Press Ctrl+C to shut down. 
2021-07-21 16:15:03.6727|0|INFO|Microsoft.Hosting.Lifetime|Hosting environment: Development 
2021-07-21 16:15:03.6823|0|INFO|Microsoft.Hosting.Lifetime|Content root path: D:\Fakultet\Proekti Programiranje\IT, IS\IS\Booktopia\Booktopia.Web 
2021-07-21 16:16:43.6221|0|DEBUG|Booktopia.Web.Program|init main 
2021-07-21 16:16:47.3489|0|INFO|Microsoft.Hosting.Lifetime|Application started. Press Ctrl+C to shut down. 
2021-07-21 16:16:47.3489|0|INFO|Microsoft.Hosting.Lifetime|Hosting environment: Development 
2021-07-21 16:16:47.3580|0|INFO|Microsoft.Hosting.Lifetime|Content root path: D:\Fakultet\Proekti Programiranje\IT, IS\IS\Booktopia\Booktopia.Web 
2021-07-21 16:17:29.1510|0|DEBUG|Booktopia.Web.Program|init main 
2021-07-21 16:17:33.0078|0|INFO|Microsoft.Hosting.Lifetime|Application started. Press Ctrl+C to shut down. 
2021-07-21 16:17:33.0188|0|INFO|Microsoft.Hosting.Lifetime|Hosting environment: Development 
2021-07-21 16:17:33.0260|0|INFO|Microsoft.Hosting.Lifetime|Content root path: D:\Fakultet\Proekti Programiranje\IT, IS\IS\Booktopia\Booktopia.Web 
2021-07-21 16:21:41.9430|0|DEBUG|Booktopia.Web.Program|init main 
2021-07-21 16:21:45.7586|0|INFO|Microsoft.Hosting.Lifetime|Application started. Press Ctrl+C to shut down. 
2021-07-21 16:21:45.7608|0|INFO|Microsoft.Hosting.Lifetime|Hosting environment: Development 
2021-07-21 16:21:45.7608|0|INFO|Microsoft.Hosting.Lifetime|Content root path: D:\Fakultet\Proekti Programiranje\IT, IS\IS\Booktopia\Booktopia.Web 
2021-07-21 16:23:15.3632|0|DEBUG|Booktopia.Web.Program|init main 
2021-07-21 16:23:19.1749|0|INFO|Microsoft.Hosting.Lifetime|Application started. Press Ctrl+C to shut down. 
2021-07-21 16:23:19.1749|0|INFO|Microsoft.Hosting.Lifetime|Hosting environment: Development 
2021-07-21 16:23:19.1847|0|INFO|Microsoft.Hosting.Lifetime|Content root path: D:\Fakultet\Proekti Programiranje\IT, IS\IS\Booktopia\Booktopia.Web 
2021-07-21 16:24:30.9815|0|DEBUG|Booktopia.Web.Program|init main 
2021-07-21 16:24:34.7210|0|INFO|Microsoft.Hosting.Lifetime|Application started. Press Ctrl+C to shut down. 
2021-07-21 16:24:34.7210|0|INFO|Microsoft.Hosting.Lifetime|Hosting environment: Development 
2021-07-21 16:24:34.7281|0|INFO|Microsoft.Hosting.Lifetime|Content root path: D:\Fakultet\Proekti Programiranje\IT, IS\IS\Booktopia\Booktopia.Web 
2021-07-21 16:25:30.1019|0|DEBUG|Booktopia.Web.Program|init main 
2021-07-21 16:25:33.8493|0|INFO|Microsoft.Hosting.Lifetime|Application started. Press Ctrl+C to shut down. 
2021-07-21 16:25:33.8608|0|INFO|Microsoft.Hosting.Lifetime|Hosting environment: Development 
2021-07-21 16:25:33.8608|0|INFO|Microsoft.Hosting.Lifetime|Content root path: D:\Fakultet\Proekti Programiranje\IT, IS\IS\Booktopia\Booktopia.Web 
2021-07-21 16:27:21.0315|0|DEBUG|Booktopia.Web.Program|init main 
2021-07-21 16:27:24.7787|0|INFO|Microsoft.Hosting.Lifetime|Application started. Press Ctrl+C to shut down. 
2021-07-21 16:27:24.7787|0|INFO|Microsoft.Hosting.Lifetime|Hosting environment: Development 
2021-07-21 16:27:24.7936|0|INFO|Microsoft.Hosting.Lifetime|Content root path: D:\Fakultet\Proekti Programiranje\IT, IS\IS\Booktopia\Booktopia.Web 
2021-07-21 16:28:58.1788|0|DEBUG|Booktopia.Web.Program|init main 
2021-07-21 16:29:02.0125|0|INFO|Microsoft.Hosting.Lifetime|Application started. Press Ctrl+C to shut down. 
2021-07-21 16:29:02.0125|0|INFO|Microsoft.Hosting.Lifetime|Hosting environment: Development 
2021-07-21 16:29:02.0125|0|INFO|Microsoft.Hosting.Lifetime|Content root path: D:\Fakultet\Proekti Programiranje\IT, IS\IS\Booktopia\Booktopia.Web 
2021-07-21 16:31:54.3467|0|DEBUG|Booktopia.Web.Program|init main 
2021-07-21 16:31:58.2555|0|INFO|Microsoft.Hosting.Lifetime|Application started. Press Ctrl+C to shut down. 
2021-07-21 16:31:58.2555|0|INFO|Microsoft.Hosting.Lifetime|Hosting environment: Development 
2021-07-21 16:31:58.2624|0|INFO|Microsoft.Hosting.Lifetime|Content root path: D:\Fakultet\Proekti Programiranje\IT, IS\IS\Booktopia\Booktopia.Web 
2021-07-21 16:34:31.0653|0|DEBUG|Booktopia.Web.Program|init main 
2021-07-21 16:34:34.9393|0|INFO|Microsoft.Hosting.Lifetime|Application started. Press Ctrl+C to shut down. 
2021-07-21 16:34:34.9393|0|INFO|Microsoft.Hosting.Lifetime|Hosting environment: Development 
2021-07-21 16:34:34.9468|0|INFO|Microsoft.Hosting.Lifetime|Content root path: D:\Fakultet\Proekti Programiranje\IT, IS\IS\Booktopia\Booktopia.Web 
2021-07-21 16:36:10.9473|0|DEBUG|Booktopia.Web.Program|init main 
2021-07-21 16:36:14.7264|0|INFO|Microsoft.Hosting.Lifetime|Application started. Press Ctrl+C to shut down. 
2021-07-21 16:36:14.7284|0|INFO|Microsoft.Hosting.Lifetime|Hosting environment: Development 
2021-07-21 16:36:14.7284|0|INFO|Microsoft.Hosting.Lifetime|Content root path: D:\Fakultet\Proekti Programiranje\IT, IS\IS\Booktopia\Booktopia.Web 
2021-07-21 16:39:05.0074|0|DEBUG|Booktopia.Web.Program|init main 
2021-07-21 16:39:08.6974|0|INFO|Microsoft.Hosting.Lifetime|Application started. Press Ctrl+C to shut down. 
2021-07-21 16:39:08.6974|0|INFO|Microsoft.Hosting.Lifetime|Hosting environment: Development 
2021-07-21 16:39:08.6974|0|INFO|Microsoft.Hosting.Lifetime|Content root path: D:\Fakultet\Proekti Programiranje\IT, IS\IS\Booktopia\Booktopia.Web 
2021-07-21 16:40:15.5498|0|DEBUG|Booktopia.Web.Program|init main 
2021-07-21 16:40:19.4017|0|INFO|Microsoft.Hosting.Lifetime|Application started. Press Ctrl+C to shut down. 
2021-07-21 16:40:19.4017|0|INFO|Microsoft.Hosting.Lifetime|Hosting environment: Development 
2021-07-21 16:40:19.4017|0|INFO|Microsoft.Hosting.Lifetime|Content root path: D:\Fakultet\Proekti Programiranje\IT, IS\IS\Booktopia\Booktopia.Web 
2021-07-21 16:41:03.9618|0|DEBUG|Booktopia.Web.Program|init main 
2021-07-21 16:41:07.8368|0|INFO|Microsoft.Hosting.Lifetime|Application started. Press Ctrl+C to shut down. 
2021-07-21 16:41:07.8368|0|INFO|Microsoft.Hosting.Lifetime|Hosting environment: Development 
2021-07-21 16:41:07.8368|0|INFO|Microsoft.Hosting.Lifetime|Content root path: D:\Fakultet\Proekti Programiranje\IT, IS\IS\Booktopia\Booktopia.Web 
2021-07-21 16:46:03.1226|0|DEBUG|Booktopia.Web.Program|init main 
2021-07-21 16:46:06.9961|0|INFO|Microsoft.Hosting.Lifetime|Application started. Press Ctrl+C to shut down. 
2021-07-21 16:46:06.9961|0|INFO|Microsoft.Hosting.Lifetime|Hosting environment: Development 
2021-07-21 16:46:06.9961|0|INFO|Microsoft.Hosting.Lifetime|Content root path: D:\Fakultet\Proekti Programiranje\IT, IS\IS\Booktopia\Booktopia.Web 
2021-07-21 16:48:25.0520|0|DEBUG|Booktopia.Web.Program|init main 
2021-07-21 16:48:29.1208|0|INFO|Microsoft.Hosting.Lifetime|Application started. Press Ctrl+C to shut down. 
2021-07-21 16:48:29.1208|0|INFO|Microsoft.Hosting.Lifetime|Hosting environment: Development 
2021-07-21 16:48:29.1208|0|INFO|Microsoft.Hosting.Lifetime|Content root path: D:\Fakultet\Proekti Programiranje\IT, IS\IS\Booktopia\Booktopia.Web 
2021-07-21 16:49:30.8816|0|DEBUG|Booktopia.Web.Program|init main 
2021-07-21 16:49:34.8739|0|INFO|Microsoft.Hosting.Lifetime|Application started. Press Ctrl+C to shut down. 
2021-07-21 16:49:34.8871|0|INFO|Microsoft.Hosting.Lifetime|Hosting environment: Development 
2021-07-21 16:49:34.8871|0|INFO|Microsoft.Hosting.Lifetime|Content root path: D:\Fakultet\Proekti Programiranje\IT, IS\IS\Booktopia\Booktopia.Web 
2021-07-21 16:50:46.3882|0|DEBUG|Booktopia.Web.Program|init main 
2021-07-21 16:50:50.2035|0|INFO|Microsoft.Hosting.Lifetime|Application started. Press Ctrl+C to shut down. 
2021-07-21 16:50:50.2035|0|INFO|Microsoft.Hosting.Lifetime|Hosting environment: Development 
2021-07-21 16:50:50.2035|0|INFO|Microsoft.Hosting.Lifetime|Content root path: D:\Fakultet\Proekti Programiranje\IT, IS\IS\Booktopia\Booktopia.Web 
2021-07-21 16:52:13.2525|0|DEBUG|Booktopia.Web.Program|init main 
2021-07-21 16:52:17.0832|0|INFO|Microsoft.Hosting.Lifetime|Application started. Press Ctrl+C to shut down. 
2021-07-21 16:52:17.0832|0|INFO|Microsoft.Hosting.Lifetime|Hosting environment: Development 
2021-07-21 16:52:17.0978|0|INFO|Microsoft.Hosting.Lifetime|Content root path: D:\Fakultet\Proekti Programiranje\IT, IS\IS\Booktopia\Booktopia.Web 
2021-07-21 16:53:04.8231|0|DEBUG|Booktopia.Web.Program|init main 
2021-07-21 16:53:08.5601|0|INFO|Microsoft.Hosting.Lifetime|Application started. Press Ctrl+C to shut down. 
2021-07-21 16:53:08.5601|0|INFO|Microsoft.Hosting.Lifetime|Hosting environment: Development 
2021-07-21 16:53:08.5601|0|INFO|Microsoft.Hosting.Lifetime|Content root path: D:\Fakultet\Proekti Programiranje\IT, IS\IS\Booktopia\Booktopia.Web 
2021-07-21 16:54:06.8468|0|DEBUG|Booktopia.Web.Program|init main 
2021-07-21 16:54:10.5525|0|INFO|Microsoft.Hosting.Lifetime|Application started. Press Ctrl+C to shut down. 
2021-07-21 16:54:10.5571|0|INFO|Microsoft.Hosting.Lifetime|Hosting environment: Development 
2021-07-21 16:54:10.5571|0|INFO|Microsoft.Hosting.Lifetime|Content root path: D:\Fakultet\Proekti Programiranje\IT, IS\IS\Booktopia\Booktopia.Web 
2021-07-21 16:56:47.9695|0|DEBUG|Booktopia.Web.Program|init main 
2021-07-21 16:56:51.8828|0|INFO|Microsoft.Hosting.Lifetime|Application started. Press Ctrl+C to shut down. 
2021-07-21 16:56:51.8936|0|INFO|Microsoft.Hosting.Lifetime|Hosting environment: Development 
2021-07-21 16:56:51.8997|0|INFO|Microsoft.Hosting.Lifetime|Content root path: D:\Fakultet\Proekti Programiranje\IT, IS\IS\Booktopia\Booktopia.Web 
2021-07-21 16:58:37.9880|0|DEBUG|Booktopia.Web.Program|init main 
2021-07-21 16:58:41.8489|0|INFO|Microsoft.Hosting.Lifetime|Application started. Press Ctrl+C to shut down. 
2021-07-21 16:58:41.8489|0|INFO|Microsoft.Hosting.Lifetime|Hosting environment: Development 
2021-07-21 16:58:41.8560|0|INFO|Microsoft.Hosting.Lifetime|Content root path: D:\Fakultet\Proekti Programiranje\IT, IS\IS\Booktopia\Booktopia.Web 
2021-07-21 17:02:49.0070|0|DEBUG|Booktopia.Web.Program|init main 
2021-07-21 17:02:52.8877|0|INFO|Microsoft.Hosting.Lifetime|Application started. Press Ctrl+C to shut down. 
2021-07-21 17:02:52.8877|0|INFO|Microsoft.Hosting.Lifetime|Hosting environment: Development 
2021-07-21 17:02:52.9040|0|INFO|Microsoft.Hosting.Lifetime|Content root path: D:\Fakultet\Proekti Programiranje\IT, IS\IS\Booktopia\Booktopia.Web 
2021-07-21 17:05:01.4315|0|DEBUG|Booktopia.Web.Program|init main 
2021-07-21 17:05:05.2813|0|INFO|Microsoft.Hosting.Lifetime|Application started. Press Ctrl+C to shut down. 
2021-07-21 17:05:05.2910|0|INFO|Microsoft.Hosting.Lifetime|Hosting environment: Development 
2021-07-21 17:05:05.2910|0|INFO|Microsoft.Hosting.Lifetime|Content root path: D:\Fakultet\Proekti Programiranje\IT, IS\IS\Booktopia\Booktopia.Web 
2021-07-21 17:07:29.5288|0|DEBUG|Booktopia.Web.Program|init main 
2021-07-21 17:07:33.3098|0|INFO|Microsoft.Hosting.Lifetime|Application started. Press Ctrl+C to shut down. 
2021-07-21 17:07:33.3098|0|INFO|Microsoft.Hosting.Lifetime|Hosting environment: Development 
2021-07-21 17:07:33.3234|0|INFO|Microsoft.Hosting.Lifetime|Content root path: D:\Fakultet\Proekti Programiranje\IT, IS\IS\Booktopia\Booktopia.Web 
2021-07-21 17:07:55.9681|0|INFO|Booktopia.Services.Implementation.BookService|Well done. Book successfully added into ShoppingCart 
2021-07-21 17:09:48.4008|0|DEBUG|Booktopia.Web.Program|init main 
2021-07-21 17:09:53.1772|0|INFO|Microsoft.Hosting.Lifetime|Application started. Press Ctrl+C to shut down. 
2021-07-21 17:09:53.1772|0|INFO|Microsoft.Hosting.Lifetime|Hosting environment: Development 
2021-07-21 17:09:53.1849|0|INFO|Microsoft.Hosting.Lifetime|Content root path: D:\Fakultet\Proekti Programiranje\IT, IS\IS\Booktopia\Booktopia.Web 
2021-07-21 17:11:07.9081|0|DEBUG|Booktopia.Web.Program|init main 
2021-07-21 17:11:11.8456|0|INFO|Microsoft.Hosting.Lifetime|Application started. Press Ctrl+C to shut down. 
2021-07-21 17:11:11.8456|0|INFO|Microsoft.Hosting.Lifetime|Hosting environment: Development 
2021-07-21 17:11:11.8456|0|INFO|Microsoft.Hosting.Lifetime|Content root path: D:\Fakultet\Proekti Programiranje\IT, IS\IS\Booktopia\Booktopia.Web 
2021-07-21 17:12:55.9598|0|DEBUG|Booktopia.Web.Program|init main 
2021-07-21 17:12:59.9062|0|INFO|Microsoft.Hosting.Lifetime|Application started. Press Ctrl+C to shut down. 
2021-07-21 17:12:59.9062|0|INFO|Microsoft.Hosting.Lifetime|Hosting environment: Development 
2021-07-21 17:12:59.9062|0|INFO|Microsoft.Hosting.Lifetime|Content root path: D:\Fakultet\Proekti Programiranje\IT, IS\IS\Booktopia\Booktopia.Web 
2021-07-21 17:14:01.6123|0|DEBUG|Booktopia.Web.Program|init main 
2021-07-21 17:14:05.4700|0|INFO|Microsoft.Hosting.Lifetime|Application started. Press Ctrl+C to shut down. 
2021-07-21 17:14:05.4700|0|INFO|Microsoft.Hosting.Lifetime|Hosting environment: Development 
2021-07-21 17:14:05.4700|0|INFO|Microsoft.Hosting.Lifetime|Content root path: D:\Fakultet\Proekti Programiranje\IT, IS\IS\Booktopia\Booktopia.Web 
2021-07-21 17:15:05.9162|0|DEBUG|Booktopia.Web.Program|init main 
2021-07-21 17:15:09.8178|0|INFO|Microsoft.Hosting.Lifetime|Application started. Press Ctrl+C to shut down. 
2021-07-21 17:15:09.8178|0|INFO|Microsoft.Hosting.Lifetime|Hosting environment: Development 
2021-07-21 17:15:09.8246|0|INFO|Microsoft.Hosting.Lifetime|Content root path: D:\Fakultet\Proekti Programiranje\IT, IS\IS\Booktopia\Booktopia.Web 
2021-07-21 17:16:57.0741|0|DEBUG|Booktopia.Web.Program|init main 
2021-07-21 17:17:01.6351|0|INFO|Microsoft.Hosting.Lifetime|Application started. Press Ctrl+C to shut down. 
2021-07-21 17:17:01.6351|0|INFO|Microsoft.Hosting.Lifetime|Hosting environment: Development 
2021-07-21 17:17:01.6351|0|INFO|Microsoft.Hosting.Lifetime|Content root path: D:\Fakultet\Proekti Programiranje\IT, IS\IS\Booktopia\Booktopia.Web 
2021-07-21 17:18:00.6150|0|DEBUG|Booktopia.Web.Program|init main 
2021-07-21 17:18:04.4900|0|INFO|Microsoft.Hosting.Lifetime|Application started. Press Ctrl+C to shut down. 
2021-07-21 17:18:04.4900|0|INFO|Microsoft.Hosting.Lifetime|Hosting environment: Development 
2021-07-21 17:18:04.4976|0|INFO|Microsoft.Hosting.Lifetime|Content root path: D:\Fakultet\Proekti Programiranje\IT, IS\IS\Booktopia\Booktopia.Web 
2021-07-21 17:19:09.1599|0|DEBUG|Booktopia.Web.Program|init main 
2021-07-21 17:19:12.8719|0|INFO|Microsoft.Hosting.Lifetime|Application started. Press Ctrl+C to shut down. 
2021-07-21 17:19:12.8719|0|INFO|Microsoft.Hosting.Lifetime|Hosting environment: Development 
2021-07-21 17:19:12.8719|0|INFO|Microsoft.Hosting.Lifetime|Content root path: D:\Fakultet\Proekti Programiranje\IT, IS\IS\Booktopia\Booktopia.Web 
2021-07-21 17:19:27.8021|0|INFO|Booktopia.Services.Implementation.BookService|Well done. Book successfully added into ShoppingCart 
2021-07-21 17:46:07.6112|0|DEBUG|Booktopia.Web.Program|init main 
2021-07-21 17:46:12.3988|0|INFO|Microsoft.Hosting.Lifetime|Application started. Press Ctrl+C to shut down. 
2021-07-21 17:46:12.4122|0|INFO|Microsoft.Hosting.Lifetime|Hosting environment: Development 
2021-07-21 17:46:12.4174|0|INFO|Microsoft.Hosting.Lifetime|Content root path: D:\Fakultet\Proekti Programiranje\IT, IS\IS\Booktopia\Booktopia.Web 
2021-07-21 17:49:20.5276|0|DEBUG|Booktopia.Web.Program|init main 
2021-07-21 17:49:24.4825|0|INFO|Microsoft.Hosting.Lifetime|Application started. Press Ctrl+C to shut down. 
2021-07-21 17:49:24.4825|0|INFO|Microsoft.Hosting.Lifetime|Hosting environment: Development 
2021-07-21 17:49:24.4825|0|INFO|Microsoft.Hosting.Lifetime|Content root path: D:\Fakultet\Proekti Programiranje\IT, IS\IS\Booktopia\Booktopia.Web 
2021-07-21 17:50:51.0856|0|DEBUG|Booktopia.Web.Program|init main 
2021-07-21 17:50:54.9298|0|INFO|Microsoft.Hosting.Lifetime|Application started. Press Ctrl+C to shut down. 
2021-07-21 17:50:54.9319|0|INFO|Microsoft.Hosting.Lifetime|Hosting environment: Development 
2021-07-21 17:50:54.9319|0|INFO|Microsoft.Hosting.Lifetime|Content root path: D:\Fakultet\Proekti Programiranje\IT, IS\IS\Booktopia\Booktopia.Web 
2021-07-21 18:00:28.6053|0|DEBUG|Booktopia.Web.Program|init main 
2021-07-21 18:00:33.2542|0|INFO|Microsoft.Hosting.Lifetime|Application started. Press Ctrl+C to shut down. 
2021-07-21 18:00:33.2542|0|INFO|Microsoft.Hosting.Lifetime|Hosting environment: Development 
2021-07-21 18:00:33.2619|0|INFO|Microsoft.Hosting.Lifetime|Content root path: D:\Fakultet\Proekti Programiranje\IT, IS\IS\Booktopia\Booktopia.Web 
2021-07-21 18:04:06.0440|0|DEBUG|Booktopia.Web.Program|init main 
2021-07-21 18:04:09.9782|0|INFO|Microsoft.Hosting.Lifetime|Application started. Press Ctrl+C to shut down. 
2021-07-21 18:04:09.9782|0|INFO|Microsoft.Hosting.Lifetime|Hosting environment: Development 
2021-07-21 18:04:09.9782|0|INFO|Microsoft.Hosting.Lifetime|Content root path: D:\Fakultet\Proekti Programiranje\IT, IS\IS\Booktopia\Booktopia.Web 
2021-07-21 18:05:59.7502|0|DEBUG|Booktopia.Web.Program|init main 
2021-07-21 18:06:03.7867|0|INFO|Microsoft.Hosting.Lifetime|Application started. Press Ctrl+C to shut down. 
2021-07-21 18:06:03.7902|0|INFO|Microsoft.Hosting.Lifetime|Hosting environment: Development 
2021-07-21 18:06:03.7902|0|INFO|Microsoft.Hosting.Lifetime|Content root path: D:\Fakultet\Proekti Programiranje\IT, IS\IS\Booktopia\Booktopia.Web 
2021-07-21 18:08:15.9856|0|DEBUG|Booktopia.Web.Program|init main 
2021-07-21 18:08:19.8978|0|INFO|Microsoft.Hosting.Lifetime|Application started. Press Ctrl+C to shut down. 
2021-07-21 18:08:19.9011|0|INFO|Microsoft.Hosting.Lifetime|Hosting environment: Development 
2021-07-21 18:08:19.9011|0|INFO|Microsoft.Hosting.Lifetime|Content root path: D:\Fakultet\Proekti Programiranje\IT, IS\IS\Booktopia\Booktopia.Web 
2021-07-21 18:12:40.0177|0|DEBUG|Booktopia.Web.Program|init main 
2021-07-21 18:12:43.9944|0|INFO|Microsoft.Hosting.Lifetime|Application started. Press Ctrl+C to shut down. 
2021-07-21 18:12:43.9944|0|INFO|Microsoft.Hosting.Lifetime|Hosting environment: Development 
2021-07-21 18:12:43.9944|0|INFO|Microsoft.Hosting.Lifetime|Content root path: D:\Fakultet\Proekti Programiranje\IT, IS\IS\Booktopia\Booktopia.Web 
2021-07-21 18:17:54.8180|0|DEBUG|Booktopia.Web.Program|init main 
2021-07-21 18:17:58.7668|0|INFO|Microsoft.Hosting.Lifetime|Application started. Press Ctrl+C to shut down. 
2021-07-21 18:17:58.7668|0|INFO|Microsoft.Hosting.Lifetime|Hosting environment: Development 
2021-07-21 18:17:58.7818|0|INFO|Microsoft.Hosting.Lifetime|Content root path: D:\Fakultet\Proekti Programiranje\IT, IS\IS\Booktopia\Booktopia.Web 
2021-07-21 18:27:31.6199|0|DEBUG|Booktopia.Web.Program|init main 
2021-07-21 18:27:36.4153|0|INFO|Microsoft.Hosting.Lifetime|Application started. Press Ctrl+C to shut down. 
2021-07-21 18:27:36.4153|0|INFO|Microsoft.Hosting.Lifetime|Hosting environment: Development 
2021-07-21 18:27:36.4153|0|INFO|Microsoft.Hosting.Lifetime|Content root path: D:\Fakultet\Proekti Programiranje\IT, IS\IS\Booktopia\Booktopia.Web 
2021-07-21 18:30:16.1720|0|DEBUG|Booktopia.Web.Program|init main 
2021-07-21 18:30:20.0358|0|INFO|Microsoft.Hosting.Lifetime|Application started. Press Ctrl+C to shut down. 
2021-07-21 18:30:20.0358|0|INFO|Microsoft.Hosting.Lifetime|Hosting environment: Development 
2021-07-21 18:30:20.0453|0|INFO|Microsoft.Hosting.Lifetime|Content root path: D:\Fakultet\Proekti Programiranje\IT, IS\IS\Booktopia\Booktopia.Web 
2021-07-21 18:37:05.3420|0|DEBUG|Booktopia.Web.Program|init main 
2021-07-21 18:37:09.9271|0|INFO|Microsoft.Hosting.Lifetime|Application started. Press Ctrl+C to shut down. 
2021-07-21 18:37:09.9271|0|INFO|Microsoft.Hosting.Lifetime|Hosting environment: Development 
2021-07-21 18:37:09.9349|0|INFO|Microsoft.Hosting.Lifetime|Content root path: D:\Fakultet\Proekti Programiranje\IT, IS\IS\Booktopia\Booktopia.Web 
2021-07-21 18:41:31.6452|0|DEBUG|Booktopia.Web.Program|init main 
2021-07-21 18:41:35.5971|0|INFO|Microsoft.Hosting.Lifetime|Application started. Press Ctrl+C to shut down. 
2021-07-21 18:41:35.5971|0|INFO|Microsoft.Hosting.Lifetime|Hosting environment: Development 
2021-07-21 18:41:35.6061|0|INFO|Microsoft.Hosting.Lifetime|Content root path: D:\Fakultet\Proekti Programiranje\IT, IS\IS\Booktopia\Booktopia.Web 
2021-07-21 18:42:40.2089|0|DEBUG|Booktopia.Web.Program|init main 
2021-07-21 18:42:44.2612|0|INFO|Microsoft.Hosting.Lifetime|Application started. Press Ctrl+C to shut down. 
2021-07-21 18:42:44.2612|0|INFO|Microsoft.Hosting.Lifetime|Hosting environment: Development 
2021-07-21 18:42:44.2612|0|INFO|Microsoft.Hosting.Lifetime|Content root path: D:\Fakultet\Proekti Programiranje\IT, IS\IS\Booktopia\Booktopia.Web 
2021-07-21 18:55:39.4785|0|DEBUG|Booktopia.Web.Program|init main 
2021-07-21 18:55:44.5049|0|INFO|Microsoft.Hosting.Lifetime|Application started. Press Ctrl+C to shut down. 
2021-07-21 18:55:44.5049|0|INFO|Microsoft.Hosting.Lifetime|Hosting environment: Development 
2021-07-21 18:55:44.5131|0|INFO|Microsoft.Hosting.Lifetime|Content root path: D:\Fakultet\Proekti Programiranje\IT, IS\IS\Booktopia\Booktopia.Web 
2021-07-21 19:09:24.7113|0|INFO|Booktopia.Services.Implementation.BookService|Well done. Book successfully added into ShoppingCart 
2021-07-21 19:09:28.7391|0|INFO|Booktopia.Services.Implementation.BookService|Well done. Book successfully added into ShoppingCart 
2021-07-21 19:10:52.6141|0|INFO|Booktopia.Services.Implementation.BookService|Well done. Book successfully added into ShoppingCart 
2021-07-21 19:11:00.6780|0|INFO|Booktopia.Services.Implementation.BookService|Well done. Book successfully added into ShoppingCart 
2021-07-21 19:18:39.5026|0|DEBUG|Booktopia.Web.Program|init main 
2021-07-21 19:18:45.8657|0|INFO|Microsoft.Hosting.Lifetime|Application started. Press Ctrl+C to shut down. 
2021-07-21 19:18:45.8657|0|INFO|Microsoft.Hosting.Lifetime|Hosting environment: Development 
2021-07-21 19:18:45.8731|0|INFO|Microsoft.Hosting.Lifetime|Content root path: D:\Fakultet\Proekti Programiranje\IT, IS\IS\Booktopia\Booktopia.Web 
2021-07-21 19:51:45.2862|0|DEBUG|Booktopia.Web.Program|init main 
2021-07-21 19:51:52.2752|0|INFO|Microsoft.Hosting.Lifetime|Application started. Press Ctrl+C to shut down. 
2021-07-21 19:51:52.2752|0|INFO|Microsoft.Hosting.Lifetime|Hosting environment: Development 
2021-07-21 19:51:52.2952|0|INFO|Microsoft.Hosting.Lifetime|Content root path: D:\Fakultet\Proekti Programiranje\IT, IS\IS\Booktopia\Booktopia.Web 
2021-07-21 19:54:40.1101|0|DEBUG|Booktopia.Web.Program|init main 
2021-07-21 19:54:45.6271|0|INFO|Microsoft.Hosting.Lifetime|Application started. Press Ctrl+C to shut down. 
2021-07-21 19:54:45.6271|0|INFO|Microsoft.Hosting.Lifetime|Hosting environment: Development 
2021-07-21 19:54:45.6343|0|INFO|Microsoft.Hosting.Lifetime|Content root path: D:\Fakultet\Proekti Programiranje\IT, IS\IS\Booktopia\Booktopia.Web 
2021-07-21 19:56:18.4036|0|DEBUG|Booktopia.Web.Program|init main 
2021-07-21 19:56:23.9117|0|INFO|Microsoft.Hosting.Lifetime|Application started. Press Ctrl+C to shut down. 
2021-07-21 19:56:23.9117|0|INFO|Microsoft.Hosting.Lifetime|Hosting environment: Development 
2021-07-21 19:56:23.9184|0|INFO|Microsoft.Hosting.Lifetime|Content root path: D:\Fakultet\Proekti Programiranje\IT, IS\IS\Booktopia\Booktopia.Web 
2021-07-21 19:59:59.3049|0|DEBUG|Booktopia.Web.Program|init main 
2021-07-21 20:00:05.7364|0|INFO|Microsoft.Hosting.Lifetime|Application started. Press Ctrl+C to shut down. 
2021-07-21 20:00:05.7364|0|INFO|Microsoft.Hosting.Lifetime|Hosting environment: Development 
2021-07-21 20:00:05.7444|0|INFO|Microsoft.Hosting.Lifetime|Content root path: D:\Fakultet\Proekti Programiranje\IT, IS\IS\Booktopia\Booktopia.Web 
2021-07-21 20:13:41.1276|0|DEBUG|Booktopia.Web.Program|init main 
2021-07-21 20:13:48.7035|0|INFO|Microsoft.Hosting.Lifetime|Application started. Press Ctrl+C to shut down. 
2021-07-21 20:13:48.7035|0|INFO|Microsoft.Hosting.Lifetime|Hosting environment: Development 
2021-07-21 20:13:48.7203|0|INFO|Microsoft.Hosting.Lifetime|Content root path: D:\Fakultet\Proekti Programiranje\IT, IS\IS\Booktopia\Booktopia.Web 
